<?xml version="1.0" encoding="UTF-8"?>
<testng-results ignored="0" total="1" passed="1" failed="0" skipped="0">
  <reporter-output>
  </reporter-output>
  <suite started-at="2021-03-15T21:25:30 CET" name="Suite" finished-at="2021-03-15T21:26:02 CET" duration-ms="32052">
    <groups>
    </groups>
    <test started-at="2021-03-15T21:25:30 CET" name="Test" finished-at="2021-03-15T21:26:02 CET" duration-ms="32052">
      <class name="test2.Login1">
        <test-method signature="t_02_validate_login_zero_app()[pri:0, instance:test2.Login1@10aa41f2]" started-at="2021-03-15T21:25:30 CET" name="t_02_validate_login_zero_app" finished-at="2021-03-15T21:26:02 CET" duration-ms="32021" status="PASS">
          <reporter-output>
          </reporter-output>
        </test-method> <!-- t_02_validate_login_zero_app -->
      </class> <!-- test2.Login1 -->
    </test> <!-- Test -->
  </suite> <!-- Suite -->
</testng-results>
